<?xml version="1.0" encoding="UTF-8"?>
<!-- Generated by org.testng.reporters.JUnitReportReporter -->
<testsuite hostname="DESKTOP-OEDJJGO" failures="0" tests="1" name="ExtendReports.POMTest" time="0.001" errors="0" timestamp="2021-07-18T02:38:16 IST" skipped="0">
  <testcase classname="ExtendReports.POMTest" name="pom" time="0.001"/>
  <system-out/>
</testsuite> <!-- ExtendReports.POMTest -->
