<?xml version="1.0" encoding="UTF-8"?>
<!-- Generated by org.testng.reporters.JUnitReportReporter -->
<testsuite hostname="DESKTOP-OEDJJGO" failures="0" tests="1" name="ExtendReports.ExtendReports" time="60.301" errors="0" timestamp="2021-07-18T02:38:16 IST" skipped="0">
  <testcase classname="ExtendReports.ExtendReports" name="initialDemo" time="60.301"/>
  <system-out/>
</testsuite> <!-- ExtendReports.ExtendReports -->
