<?xml version="1.0" encoding="UTF-8"?>
<!-- Generated by org.testng.reporters.JUnitReportReporter -->
<testsuite hostname="DESKTOP-OEDJJGO" failures="0" tests="2" name="BigdataRepository.test099ParametersSetFilters" time="70.030" errors="0" timestamp="2021-07-17T14:29:45 IST" skipped="0">
  <testcase classname="BigdataRepository.test099ParametersSetFilters" name="ParametersSetFilters" time="43.943"/>
  <system-out/>
  <testcase classname="BigdataRepository.test099ParametersSetFilters" name="InnsightLogin" time="26.087"/>
  <system-out/>
</testsuite> <!-- BigdataRepository.test099ParametersSetFilters -->
