<?xml version="1.0" encoding="UTF-8"?>
<!-- Generated by org.testng.reporters.JUnitReportReporter -->
<testsuite hostname="DESKTOP-OEDJJGO" failures="0" tests="2" name="BigdataRepository.Test097SaveAnalysisOption" time="66.630" errors="0" timestamp="2021-07-19T10:15:12 IST" skipped="0">
  <testcase classname="BigdataRepository.Test097SaveAnalysisOption" name="SaveAnalysisOption" time="28.066"/>
  <system-out/>
  <testcase classname="BigdataRepository.Test097SaveAnalysisOption" name="InnsightLogin" time="38.564"/>
  <system-out/>
</testsuite> <!-- BigdataRepository.Test097SaveAnalysisOption -->
