<?xml version="1.0" encoding="UTF-8"?>
<!-- Generated by org.testng.reporters.JUnitReportReporter -->
<testsuite hostname="DESKTOP-OEDJJGO" failures="0" tests="1" name="BigdataRepository.test037extractblogsBlogger" time="48.849" errors="0" timestamp="04 Jul 2021 16:59:33 GMT" skipped="0">
  <testcase classname="BigdataRepository.test037extractblogsBlogger" name="INNSIGHTLogin" time="48.849"/>
</testsuite> <!-- BigdataRepository.test037extractblogsBlogger -->
