<?xml version="1.0" encoding="UTF-8"?>
<!-- Generated by org.testng.reporters.JUnitReportReporter -->
<testsuite hostname="DESKTOP-OEDJJGO" failures="0" tests="2" name="BigdataRepository.Test096SelectEntitiesWidgets" time="99.124" errors="0" timestamp="2021-07-19T11:09:59 IST" skipped="0">
  <testcase classname="BigdataRepository.Test096SelectEntitiesWidgets" name="InnsightLogin" time="36.887"/>
  <system-out/>
  <testcase classname="BigdataRepository.Test096SelectEntitiesWidgets" name="SelectEntitiesWidgets" time="62.237"/>
  <system-out/>
</testsuite> <!-- BigdataRepository.Test096SelectEntitiesWidgets -->
