<?xml version="1.0" encoding="UTF-8"?>
<!-- Generated by org.testng.reporters.JUnitReportReporter -->
<testsuite hostname="DESKTOP-OEDJJGO" failures="0" tests="2" name="BigdataRepository.test098QueriestogetherSearch" time="56.966" errors="0" timestamp="2021-07-17T13:15:34 IST" skipped="0">
  <testcase classname="BigdataRepository.test098QueriestogetherSearch" name="QueriestogetherSearch" time="3.612"/>
  <system-out/>
  <testcase classname="BigdataRepository.test098QueriestogetherSearch" name="InnsightLogin" time="53.354"/>
  <system-out/>
</testsuite> <!-- BigdataRepository.test098QueriestogetherSearch -->
