<?xml version="1.0" encoding="UTF-8"?>
<!-- Generated by org.testng.reporters.JUnitReportReporter -->
<testsuite hostname="DESKTOP-OEDJJGO" failures="0" tests="3" name="DataIngestors.TextAnalytics" time="256.073" errors="0" timestamp="21 Jun 2021 10:55:31 GMT" skipped="1">
  <testcase classname="DataIngestors.TextAnalytics" name="pulldatamultiplecountriesformnewspaper" time="212.488"/>
  <testcase classname="DataIngestors.TextAnalytics" name="INNSIGHTLogin" time="43.585"/>
  <testcase classname="DataIngestors.TextAnalytics" name="extractblogsfromBlogger">
    <skipped/>
  </testcase> <!-- extractblogsfromBlogger -->
</testsuite> <!-- DataIngestors.TextAnalytics -->
