<?xml version="1.0" encoding="UTF-8"?>
<!-- Generated by org.testng.reporters.JUnitReportReporter -->
<testsuite hostname="DESKTOP-OEDJJGO" failures="0" tests="2" name="BigdataRepository.test120Auditlogs" time="32.000" errors="0" timestamp="2021-07-16T13:12:36 IST" skipped="0">
  <testcase classname="BigdataRepository.test120Auditlogs" name="INNSIGHTLogin" time="25.002"/>
  <system-out/>
  <testcase classname="BigdataRepository.test120Auditlogs" name="AuditLogs" time="6.998"/>
  <system-out/>
</testsuite> <!-- BigdataRepository.test120Auditlogs -->
