<?xml version="1.0" encoding="UTF-8"?>
<!-- Generated by org.testng.reporters.JUnitReportReporter -->
<testsuite hostname="DESKTOP-OEDJJGO" failures="0" tests="2" name="BigdataRepository.Test124selectchangeavatar" time="62.460" errors="0" timestamp="2021-07-17T23:31:22 IST" skipped="0">
  <testcase classname="BigdataRepository.Test124selectchangeavatar" name="EditCollection" time="8.510"/>
  <system-out/>
  <testcase classname="BigdataRepository.Test124selectchangeavatar" name="INNSIGHTLogin2" time="53.950"/>
  <system-out/>
</testsuite> <!-- BigdataRepository.Test124selectchangeavatar -->
