<?xml version="1.0" encoding="UTF-8"?>
<!-- Generated by org.testng.reporters.JUnitReportReporter -->
<testsuite hostname="DESKTOP-OEDJJGO" failures="0" tests="1" name="BigdataRepository.test033multipletypessources" time="43.864" errors="0" timestamp="04 Jul 2021 13:54:16 GMT" skipped="0">
  <testcase classname="BigdataRepository.test033multipletypessources" name="INNSIGHTLogin" time="43.864"/>
</testsuite> <!-- BigdataRepository.test033multipletypessources -->
