<?xml version="1.0" encoding="UTF-8"?>
<!-- Generated by org.testng.reporters.JUnitReportReporter -->
<testsuite hostname="DESKTOP-OEDJJGO" failures="0" tests="2" name="BigdataRepository.test115Addmetadatatoanalysis" time="62.697" errors="0" timestamp="2021-07-16T14:08:28 IST" skipped="0">
  <testcase classname="BigdataRepository.test115Addmetadatatoanalysis" name="INNSIGHTLogin" time="27.601"/>
  <system-out/>
  <testcase classname="BigdataRepository.test115Addmetadatatoanalysis" name="Addmetadata" time="35.096"/>
  <system-out/>
</testsuite> <!-- BigdataRepository.test115Addmetadatatoanalysis -->
