<?xml version="1.0" encoding="UTF-8"?>
<!-- Generated by org.testng.reporters.JUnitReportReporter -->
<testsuite hostname="DESKTOP-OEDJJGO" failures="0" tests="1" name="BigdataRepository.test131accesstoauditlogs" time="57.626" errors="0" timestamp="07 Jul 2021 19:41:51 GMT" skipped="0">
  <testcase classname="BigdataRepository.test131accesstoauditlogs" name="INNSIGHTLogin" time="57.626"/>
</testsuite> <!-- BigdataRepository.test131accesstoauditlogs -->
