<?xml version="1.0" encoding="UTF-8"?>
<!-- Generated by org.testng.reporters.JUnitReportReporter -->
<testsuite hostname="DESKTOP-OEDJJGO" failures="0" tests="1" name="DataIngestors.InnsightLogin" time="33.787" errors="0" timestamp="2021-07-26T19:42:05 IST" skipped="0">
  <testcase classname="DataIngestors.InnsightLogin" name="INNSIGHTLogin" time="33.787"/>
  <system-out/>
</testsuite> <!-- DataIngestors.InnsightLogin -->
