<?xml version="1.0" encoding="UTF-8"?>
<!-- Generated by org.testng.reporters.JUnitReportReporter -->
<testsuite hostname="DESKTOP-OEDJJGO" failures="0" tests="1" name="BigdataRepository.test100AlertManage" time="29.507" errors="0" timestamp="2021-07-17T14:38:43 IST" skipped="0">
  <testcase classname="BigdataRepository.test100AlertManage" name="INNSIGHTLogin" time="29.507"/>
  <system-out/>
</testsuite> <!-- BigdataRepository.test100AlertManage -->
