<?xml version="1.0" encoding="UTF-8"?>
<!-- Generated by org.testng.reporters.JUnitReportReporter -->
<testsuite hostname="DESKTOP-OEDJJGO" failures="0" tests="2" name="BigdataRepository.Test093ExportDatafromWidget" time="123.014" errors="0" timestamp="2021-07-19T11:36:51 IST" skipped="0">
  <testcase classname="BigdataRepository.Test093ExportDatafromWidget" name="InnsightLogin" time="64.200"/>
  <system-out/>
  <testcase classname="BigdataRepository.Test093ExportDatafromWidget" name="SelectEntitiesWidgets" time="58.814"/>
  <system-out/>
</testsuite> <!-- BigdataRepository.Test093ExportDatafromWidget -->
