<?xml version="1.0" encoding="UTF-8"?>
<!-- Generated by org.testng.reporters.JUnitReportReporter -->
<testsuite hostname="DESKTOP-OEDJJGO" failures="0" tests="1" name="BigdataRepository.test032historicalcontent" time="96.000" errors="0" timestamp="29 Jun 2021 06:56:26 GMT" skipped="0">
  <testcase classname="BigdataRepository.test032historicalcontent" name="INNSIGHTLogin" time="96.000"/>
</testsuite> <!-- BigdataRepository.test032historicalcontent -->
