<?xml version="1.0" encoding="UTF-8"?>
<!-- Generated by org.testng.reporters.JUnitReportReporter -->
<testsuite hostname="DESKTOP-OEDJJGO" failures="0" tests="1" name="BigdataRepository.test030highvolumestreamingdata" time="72.244" errors="0" timestamp="29 Jun 2021 06:44:39 GMT" skipped="0">
  <testcase classname="BigdataRepository.test030highvolumestreamingdata" name="INNSIGHTLogin" time="72.244"/>
</testsuite> <!-- BigdataRepository.test030highvolumestreamingdata -->
