<?xml version="1.0" encoding="UTF-8"?>
<!-- Generated by org.testng.reporters.JUnitReportReporter -->
<testsuite hostname="DESKTOP-OEDJJGO" failures="0" tests="2" name="BigdataRepository.test113queriescasecontainers" time="92.209" errors="0" timestamp="2021-07-16T14:47:03 IST" skipped="0">
  <testcase classname="BigdataRepository.test113queriescasecontainers" name="INNSIGHTLogin" time="30.403"/>
  <system-out/>
  <testcase classname="BigdataRepository.test113queriescasecontainers" name="queriescasecontainers" time="61.806"/>
  <system-out/>
</testsuite> <!-- BigdataRepository.test113queriescasecontainers -->
