<?xml version="1.0" encoding="UTF-8"?>
<!-- Generated by org.testng.reporters.JUnitReportReporter -->
<testsuite hostname="DESKTOP-OEDJJGO" failures="0" tests="1" name="BigdataRepository.test134Administrativeinterface" time="42.559" errors="0" timestamp="07 Jul 2021 19:29:42 GMT" skipped="0">
  <testcase classname="BigdataRepository.test134Administrativeinterface" name="INNSIGHTLogin" time="42.559"/>
</testsuite> <!-- BigdataRepository.test134Administrativeinterface -->
