<?xml version="1.0" encoding="UTF-8"?>
<!-- Generated by org.testng.reporters.JUnitReportReporter -->
<testsuite hostname="DESKTOP-OEDJJGO" failures="0" tests="2" name="BigdataRepository.test114abilityuserstosharecases" time="94.212" errors="0" timestamp="2021-07-16T14:32:44 IST" skipped="0">
  <testcase classname="BigdataRepository.test114abilityuserstosharecases" name="Addmetadata" time="68.190"/>
  <system-out/>
  <testcase classname="BigdataRepository.test114abilityuserstosharecases" name="INNSIGHTLogin" time="26.022"/>
  <system-out/>
</testsuite> <!-- BigdataRepository.test114abilityuserstosharecases -->
