<?xml version="1.0" encoding="UTF-8"?>
<!-- Generated by org.testng.reporters.JUnitReportReporter -->
<testsuite hostname="DESKTOP-OEDJJGO" failures="0" tests="1" name="BigdataRepository.test036scrapsomesocialmedia" time="63.558" errors="0" timestamp="04 Jul 2021 16:28:12 GMT" skipped="0">
  <testcase classname="BigdataRepository.test036scrapsomesocialmedia" name="INNSIGHTLogin" time="63.558"/>
</testsuite> <!-- BigdataRepository.test036scrapsomesocialmedia -->
