<?xml version="1.0" encoding="UTF-8"?>
<!-- Generated by org.testng.reporters.JUnitReportReporter -->
<testsuite hostname="DESKTOP-OEDJJGO" failures="0" tests="1" name="Repo.InnsightLogin2" time="43.403" errors="0" timestamp="2021-07-18T21:22:35 IST" skipped="0">
  <testcase classname="Repo.InnsightLogin2" name="INNSIGHTLogin2" time="43.403"/>
  <system-out/>
</testsuite> <!-- Repo.InnsightLogin2 -->
