<?xml version="1.0" encoding="UTF-8"?>
<!-- Generated by org.testng.reporters.JUnitReportReporter -->
<testsuite hostname="DESKTOP-OEDJJGO" failures="0" tests="2" name="BigdataRepository.test118savingduplicateanalysis" time="80.182" errors="0" timestamp="2021-07-16T13:51:38 IST" skipped="0">
  <testcase classname="BigdataRepository.test118savingduplicateanalysis" name="INNSIGHTLogin" time="24.839"/>
  <system-out/>
  <testcase classname="BigdataRepository.test118savingduplicateanalysis" name="dublicateanalysissave" time="55.343"/>
  <system-out/>
</testsuite> <!-- BigdataRepository.test118savingduplicateanalysis -->
