<?xml version="1.0" encoding="UTF-8"?>
<!-- Generated by org.testng.reporters.JUnitReportReporter -->
<testsuite hostname="DESKTOP-OEDJJGO" failures="0" tests="2" name="BigdataRepository.test122managementvirtualidentities" time="51.458" errors="0" timestamp="2021-07-16T12:51:34 IST" skipped="0">
  <testcase classname="BigdataRepository.test122managementvirtualidentities" name="INNSIGHTLogin2" time="37.450"/>
  <system-out/>
  <testcase classname="BigdataRepository.test122managementvirtualidentities" name="virtualidentities" time="14.008"/>
  <system-out/>
</testsuite> <!-- BigdataRepository.test122managementvirtualidentities -->
