<?xml version="1.0" encoding="UTF-8"?>
<!-- Generated by org.testng.reporters.JUnitReportReporter -->
<testsuite hostname="DESKTOP-OEDJJGO" failures="0" tests="1" name="BigdataRepository.test129maintainuseraccounts" time="62.594" errors="0" timestamp="07 Jul 2021 20:07:10 GMT" skipped="0">
  <testcase classname="BigdataRepository.test129maintainuseraccounts" name="INNSIGHTLogin" time="62.594"/>
</testsuite> <!-- BigdataRepository.test129maintainuseraccounts -->
