<?xml version="1.0" encoding="UTF-8"?>
<!-- Generated by org.testng.reporters.JUnitReportReporter -->
<testsuite hostname="DESKTOP-OEDJJGO" failures="0" tests="1" name="Repo.InnsightLogin3" time="27.947" errors="0" timestamp="2021-07-18T21:08:30 IST" skipped="0">
  <testcase classname="Repo.InnsightLogin3" name="InnsightLogin" time="27.947"/>
  <system-out/>
</testsuite> <!-- Repo.InnsightLogin3 -->
