<?xml version="1.0" encoding="UTF-8"?>
<!-- Generated by org.testng.reporters.JUnitReportReporter -->
<testsuite hostname="DESKTOP-OEDJJGO" failures="0" tests="1" name="BigdataRepository.test38popularnewspapersmultiplecountries" time="39.113" errors="0" timestamp="04 Jul 2021 18:13:58 GMT" skipped="0">
  <testcase classname="BigdataRepository.test38popularnewspapersmultiplecountries" name="INNSIGHTLogin" time="39.113"/>
</testsuite> <!-- BigdataRepository.test38popularnewspapersmultiplecountries -->
