<?xml version="1.0" encoding="UTF-8"?>
<!-- Generated by org.testng.reporters.JUnitReportReporter -->
<testsuite hostname="DESKTOP-OEDJJGO" failures="0" tests="2" name="BigdataRepository.Test123Avatarconfiguration" time="65.549" errors="0" timestamp="2021-07-17T23:06:25 IST" skipped="0">
  <testcase classname="BigdataRepository.Test123Avatarconfiguration" name="INNSIGHTLogin2" time="53.617"/>
  <system-out/>
  <testcase classname="BigdataRepository.Test123Avatarconfiguration" name="Avatarconfig123" time="11.932"/>
  <system-out/>
</testsuite> <!-- BigdataRepository.Test123Avatarconfiguration -->
