<?xml version="1.0" encoding="UTF-8"?>
<!-- Generated by org.testng.reporters.JUnitReportReporter -->
<testsuite hostname="DESKTOP-OEDJJGO" failures="0" tests="2" name="Repo.ScrollBar" time="227.505" errors="0" timestamp="2021-07-14T14:01:25 IST" skipped="0">
  <testcase classname="Repo.ScrollBar" name="INNSIGHTLogin2" time="192.431"/>
  <system-out/>
  <testcase classname="Repo.ScrollBar" name="MultipleSocialMediaHandles11" time="35.074"/>
  <system-out/>
</testsuite> <!-- Repo.ScrollBar -->
