<?xml version="1.0" encoding="UTF-8"?>
<!-- Generated by org.testng.reporters.JUnitReportReporter -->
<testsuite hostname="DESKTOP-OEDJJGO" failures="0" tests="1" name="ExtendReports.ExtendReports" time="33.707" errors="0" timestamp="2021-07-17T17:32:56 IST" skipped="0">
  <testcase classname="ExtendReports.ExtendReports" name="initialDemo" time="33.707"/>
  <system-out/>
</testsuite> <!-- ExtendReports.ExtendReports -->
