<?xml version="1.0" encoding="UTF-8"?>
<!-- Generated by org.testng.reporters.JUnitReportReporter -->
<testsuite hostname="DESKTOP-OEDJJGO" failures="0" tests="1" name="newproject.Tourclass" time="287.709" errors="0" timestamp="2021-07-23T20:11:01 IST" skipped="0">
  <testcase classname="newproject.Tourclass" name="tour" time="287.709"/>
  <system-out/>
</testsuite> <!-- newproject.Tourclass -->
