<?xml version="1.0" encoding="UTF-8"?>
<!-- Generated by org.testng.reporters.JUnitReportReporter -->
<testsuite hostname="DESKTOP-OEDJJGO" failures="0" tests="1" name="ExtendReports.POM3Test" time="0.068" errors="0" timestamp="2021-07-18T02:30:46 IST" skipped="0">
  <testcase classname="ExtendReports.POM3Test" name="pom3" time="0.068"/>
  <system-out/>
</testsuite> <!-- ExtendReports.POM3Test -->
