<?xml version="1.0" encoding="UTF-8"?>
<!-- Generated by org.testng.reporters.JUnitReportReporter -->
<testsuite hostname="DESKTOP-OEDJJGO" failures="0" tests="1" name="ExtendReports.POM2Test" time="0.041" errors="0" timestamp="2021-07-18T21:57:27 IST" skipped="0">
  <testcase classname="ExtendReports.POM2Test" name="pom2" time="0.041"/>
  <system-out/>
</testsuite> <!-- ExtendReports.POM2Test -->
