<?xml version="1.0" encoding="UTF-8"?>
<!-- Generated by org.testng.reporters.JUnitReportReporter -->
<testsuite hostname="DESKTOP-OEDJJGO" failures="0" tests="1" name="Naukri.comUpdate.profileUpdate" time="52.278" errors="0" timestamp="21 Jun 2021 18:54:42 GMT">
  <testcase classname="Naukri.comUpdate.profileUpdate" name="NaukriLogin" time="52.278"/>
</testsuite> <!-- Naukri.comUpdate.profileUpdate -->
