<?xml version="1.0" encoding="UTF-8"?>
<!-- Generated by org.testng.reporters.JUnitReportReporter -->
<testsuite hostname="DESKTOP-OEDJJGO" failures="0" tests="3" name="myfirstprgram.first" time="0.059" errors="0" timestamp="2021-07-31T14:17:52 IST" skipped="0">
  <testcase classname="myfirstprgram.first" name="hello2" time="0.017"/>
  <system-out/>
  <testcase classname="myfirstprgram.first" name="Hello" time="0.034"/>
  <system-out/>
  <testcase classname="myfirstprgram.first" name="Hello1" time="0.008"/>
  <system-out/>
</testsuite> <!-- myfirstprgram.first -->
