<?xml version="1.0" encoding="UTF-8"?>
<!-- Generated by org.testng.reporters.JUnitReportReporter -->
<testsuite hostname="DESKTOP-OEDJJGO" failures="0" tests="1" name="myfirstprgram.secondclass" time="0.005" errors="0" timestamp="2021-07-31T14:17:52 IST" skipped="0">
  <testcase classname="myfirstprgram.secondclass" name="second" time="0.005"/>
  <system-out/>
</testsuite> <!-- myfirstprgram.secondclass -->
